<?xml version="1.0" encoding="UTF-8"?>
<!-- Generated by org.testng.reporters.JUnitReportReporter -->
<testsuite hostname="DESKTOP-9GCURRM" failures="0" tests="1" name="tests.TestCase1" time="2.870" errors="0" timestamp="2021-01-29T06:32:46 IST" skipped="0">
  <testcase classname="tests.TestCase1" name="Test" time="2.870"/>
  <system-out/>
</testsuite> <!-- tests.TestCase1 -->
